<?xml version="1.0" encoding="UTF-8"?>
<!-- Generated by org.testng.reporters.JUnitReportReporter -->
<testsuite hostname="AhadPC" failures="0" tests="4" name="testNG.basics.TestNGDataProvider" time="0.009" errors="0" timestamp="2023-08-01T11:47:56 EDT" skipped="0">
  <testcase classname="testNG.basics.TestNGDataProvider" name="test" time="0.006"/>
  <system-out/>
  <testcase classname="testNG.basics.TestNGDataProvider" name="test" time="0.001"/>
  <system-out/>
  <testcase classname="testNG.basics.TestNGDataProvider" name="test" time="0.001"/>
  <system-out/>
  <testcase classname="testNG.basics.TestNGDataProvider" name="test" time="0.001"/>
  <system-out/>
</testsuite> <!-- testNG.basics.TestNGDataProvider -->
