<?xml version="1.0" encoding="UTF-8"?>
<!-- Generated by org.testng.reporters.JUnitReportReporter -->
<testsuite hostname="AhadPC" failures="0" tests="1" name="testNG.basics.TestNGParameters" time="0.009" errors="0" timestamp="2023-08-01T12:35:28 EDT" skipped="0">
  <testcase classname="testNG.basics.TestNGParameters" name="testWithParameters" time="0.009"/>
  <system-out/>
</testsuite> <!-- testNG.basics.TestNGParameters -->
